2019-06-28 17:24:15,749 INFO 10712 [Timer] D:\2019\egg\node_modules\_egg-multipart@2.7.1@egg-multipart\app\schedule\clean_tmpdir.js next time will execute after 39944254ms at 2019-06-29 04:30:00.003
2019-06-28 17:24:15,750 INFO 10712 [Timer] D:\2019\egg\node_modules\_egg-logrotator@3.1.0@egg-logrotator\app\schedule\clean_log.js next time will execute after 23744251ms at 2019-06-29 00:00:00.001
2019-06-28 17:24:15,750 INFO 10712 [Timer] D:\2019\egg\node_modules\_egg-logrotator@3.1.0@egg-logrotator\app\schedule\rotate_by_file.js next time will execute after 23745250ms at 2019-06-29 00:00:01.000
2019-06-28 17:24:15,542 INFO 17728 [egg-schedule]: register schedule D:\2019\egg\node_modules\_egg-multipart@2.7.1@egg-multipart\app\schedule\clean_tmpdir.js
2019-06-28 17:24:15,542 INFO 17728 [egg-schedule]: register schedule D:\2019\egg\node_modules\_egg-logrotator@3.1.0@egg-logrotator\app\schedule\clean_log.js
2019-06-28 17:24:15,542 INFO 17728 [egg-schedule]: register schedule D:\2019\egg\node_modules\_egg-logrotator@3.1.0@egg-logrotator\app\schedule\rotate_by_file.js
2019-06-28 17:25:47,968 INFO 12148 [Timer] D:\2019\egg\node_modules\_egg-multipart@2.7.1@egg-multipart\app\schedule\clean_tmpdir.js next time will execute after 39852035ms at 2019-06-29 04:30:00.003
2019-06-28 17:25:47,969 INFO 12148 [Timer] D:\2019\egg\node_modules\_egg-logrotator@3.1.0@egg-logrotator\app\schedule\clean_log.js next time will execute after 23652032ms at 2019-06-29 00:00:00.001
2019-06-28 17:25:47,969 INFO 12148 [Timer] D:\2019\egg\node_modules\_egg-logrotator@3.1.0@egg-logrotator\app\schedule\rotate_by_file.js next time will execute after 23653031ms at 2019-06-29 00:00:01.000
2019-06-28 17:25:47,776 INFO 19496 [egg-schedule]: register schedule D:\2019\egg\node_modules\_egg-multipart@2.7.1@egg-multipart\app\schedule\clean_tmpdir.js
2019-06-28 17:25:47,776 INFO 19496 [egg-schedule]: register schedule D:\2019\egg\node_modules\_egg-logrotator@3.1.0@egg-logrotator\app\schedule\clean_log.js
2019-06-28 17:25:47,776 INFO 19496 [egg-schedule]: register schedule D:\2019\egg\node_modules\_egg-logrotator@3.1.0@egg-logrotator\app\schedule\rotate_by_file.js
2019-06-28 17:26:16,024 INFO 9456 [egg-schedule]: register schedule D:\2019\egg\node_modules\_egg-multipart@2.7.1@egg-multipart\app\schedule\clean_tmpdir.js
2019-06-28 17:26:16,024 INFO 9456 [egg-schedule]: register schedule D:\2019\egg\node_modules\_egg-logrotator@3.1.0@egg-logrotator\app\schedule\clean_log.js
2019-06-28 17:26:16,024 INFO 9456 [egg-schedule]: register schedule D:\2019\egg\node_modules\_egg-logrotator@3.1.0@egg-logrotator\app\schedule\rotate_by_file.js
2019-06-28 17:28:02,827 INFO 17712 [egg-schedule]: register schedule D:\2019\egg\node_modules\_egg-multipart@2.7.1@egg-multipart\app\schedule\clean_tmpdir.js
2019-06-28 17:28:02,827 INFO 17712 [egg-schedule]: register schedule D:\2019\egg\node_modules\_egg-logrotator@3.1.0@egg-logrotator\app\schedule\clean_log.js
2019-06-28 17:28:02,827 INFO 17712 [egg-schedule]: register schedule D:\2019\egg\node_modules\_egg-logrotator@3.1.0@egg-logrotator\app\schedule\rotate_by_file.js
2019-06-28 17:28:15,404 INFO 20044 [egg-schedule]: register schedule D:\2019\egg\node_modules\_egg-multipart@2.7.1@egg-multipart\app\schedule\clean_tmpdir.js
2019-06-28 17:28:15,404 INFO 20044 [egg-schedule]: register schedule D:\2019\egg\node_modules\_egg-logrotator@3.1.0@egg-logrotator\app\schedule\clean_log.js
2019-06-28 17:28:15,404 INFO 20044 [egg-schedule]: register schedule D:\2019\egg\node_modules\_egg-logrotator@3.1.0@egg-logrotator\app\schedule\rotate_by_file.js
2019-06-28 17:30:33,494 INFO 19972 [egg-schedule]: register schedule D:\2019\egg\node_modules\_egg-multipart@2.7.1@egg-multipart\app\schedule\clean_tmpdir.js
2019-06-28 17:30:33,494 INFO 19972 [egg-schedule]: register schedule D:\2019\egg\node_modules\_egg-logrotator@3.1.0@egg-logrotator\app\schedule\clean_log.js
2019-06-28 17:30:33,494 INFO 19972 [egg-schedule]: register schedule D:\2019\egg\node_modules\_egg-logrotator@3.1.0@egg-logrotator\app\schedule\rotate_by_file.js
2019-06-28 17:32:44,291 INFO 20648 [egg-schedule]: register schedule D:\2019\egg\node_modules\_egg-multipart@2.7.1@egg-multipart\app\schedule\clean_tmpdir.js
2019-06-28 17:32:44,291 INFO 20648 [egg-schedule]: register schedule D:\2019\egg\node_modules\_egg-logrotator@3.1.0@egg-logrotator\app\schedule\clean_log.js
2019-06-28 17:32:44,291 INFO 20648 [egg-schedule]: register schedule D:\2019\egg\node_modules\_egg-logrotator@3.1.0@egg-logrotator\app\schedule\rotate_by_file.js
2019-06-28 17:32:59,677 INFO 20824 [egg-schedule]: register schedule D:\2019\egg\node_modules\_egg-multipart@2.7.1@egg-multipart\app\schedule\clean_tmpdir.js
2019-06-28 17:32:59,678 INFO 20824 [egg-schedule]: register schedule D:\2019\egg\node_modules\_egg-logrotator@3.1.0@egg-logrotator\app\schedule\clean_log.js
2019-06-28 17:32:59,678 INFO 20824 [egg-schedule]: register schedule D:\2019\egg\node_modules\_egg-logrotator@3.1.0@egg-logrotator\app\schedule\rotate_by_file.js
2019-06-28 17:33:08,707 INFO 19332 [egg-schedule]: register schedule D:\2019\egg\node_modules\_egg-multipart@2.7.1@egg-multipart\app\schedule\clean_tmpdir.js
2019-06-28 17:33:08,707 INFO 19332 [egg-schedule]: register schedule D:\2019\egg\node_modules\_egg-logrotator@3.1.0@egg-logrotator\app\schedule\clean_log.js
2019-06-28 17:33:08,707 INFO 19332 [egg-schedule]: register schedule D:\2019\egg\node_modules\_egg-logrotator@3.1.0@egg-logrotator\app\schedule\rotate_by_file.js
2019-06-28 17:33:44,822 INFO 20868 [egg-schedule]: register schedule D:\2019\egg\node_modules\_egg-multipart@2.7.1@egg-multipart\app\schedule\clean_tmpdir.js
2019-06-28 17:33:44,822 INFO 20868 [egg-schedule]: register schedule D:\2019\egg\node_modules\_egg-logrotator@3.1.0@egg-logrotator\app\schedule\clean_log.js
2019-06-28 17:33:44,822 INFO 20868 [egg-schedule]: register schedule D:\2019\egg\node_modules\_egg-logrotator@3.1.0@egg-logrotator\app\schedule\rotate_by_file.js
2019-06-28 17:33:52,420 INFO 21304 [egg-schedule]: register schedule D:\2019\egg\node_modules\_egg-multipart@2.7.1@egg-multipart\app\schedule\clean_tmpdir.js
2019-06-28 17:33:52,420 INFO 21304 [egg-schedule]: register schedule D:\2019\egg\node_modules\_egg-logrotator@3.1.0@egg-logrotator\app\schedule\clean_log.js
2019-06-28 17:33:52,420 INFO 21304 [egg-schedule]: register schedule D:\2019\egg\node_modules\_egg-logrotator@3.1.0@egg-logrotator\app\schedule\rotate_by_file.js
2019-06-28 17:48:03,282 INFO 21104 [egg-schedule]: register schedule D:\2019\egg\node_modules\_egg-multipart@2.7.1@egg-multipart\app\schedule\clean_tmpdir.js
2019-06-28 17:48:03,282 INFO 21104 [egg-schedule]: register schedule D:\2019\egg\node_modules\_egg-logrotator@3.1.0@egg-logrotator\app\schedule\clean_log.js
2019-06-28 17:48:03,282 INFO 21104 [egg-schedule]: register schedule D:\2019\egg\node_modules\_egg-logrotator@3.1.0@egg-logrotator\app\schedule\rotate_by_file.js
2019-06-28 17:48:10,468 INFO 20312 [egg-schedule]: register schedule D:\2019\egg\node_modules\_egg-multipart@2.7.1@egg-multipart\app\schedule\clean_tmpdir.js
2019-06-28 17:48:10,468 INFO 20312 [egg-schedule]: register schedule D:\2019\egg\node_modules\_egg-logrotator@3.1.0@egg-logrotator\app\schedule\clean_log.js
2019-06-28 17:48:10,468 INFO 20312 [egg-schedule]: register schedule D:\2019\egg\node_modules\_egg-logrotator@3.1.0@egg-logrotator\app\schedule\rotate_by_file.js
2019-06-28 17:48:14,067 INFO 19476 [egg-schedule]: register schedule D:\2019\egg\node_modules\_egg-multipart@2.7.1@egg-multipart\app\schedule\clean_tmpdir.js
2019-06-28 17:48:14,067 INFO 19476 [egg-schedule]: register schedule D:\2019\egg\node_modules\_egg-logrotator@3.1.0@egg-logrotator\app\schedule\clean_log.js
2019-06-28 17:48:14,067 INFO 19476 [egg-schedule]: register schedule D:\2019\egg\node_modules\_egg-logrotator@3.1.0@egg-logrotator\app\schedule\rotate_by_file.js
2019-06-28 17:48:34,579 INFO 17608 [egg-schedule]: register schedule D:\2019\egg\node_modules\_egg-multipart@2.7.1@egg-multipart\app\schedule\clean_tmpdir.js
2019-06-28 17:48:34,579 INFO 17608 [egg-schedule]: register schedule D:\2019\egg\node_modules\_egg-logrotator@3.1.0@egg-logrotator\app\schedule\clean_log.js
2019-06-28 17:48:34,579 INFO 17608 [egg-schedule]: register schedule D:\2019\egg\node_modules\_egg-logrotator@3.1.0@egg-logrotator\app\schedule\rotate_by_file.js
2019-06-28 17:48:55,347 INFO 16732 [egg-schedule]: register schedule D:\2019\egg\node_modules\_egg-multipart@2.7.1@egg-multipart\app\schedule\clean_tmpdir.js
2019-06-28 17:48:55,347 INFO 16732 [egg-schedule]: register schedule D:\2019\egg\node_modules\_egg-logrotator@3.1.0@egg-logrotator\app\schedule\clean_log.js
2019-06-28 17:48:55,347 INFO 16732 [egg-schedule]: register schedule D:\2019\egg\node_modules\_egg-logrotator@3.1.0@egg-logrotator\app\schedule\rotate_by_file.js
